<?xml version="1.0" encoding="UTF-8"?>
<testsuite xmlns:xsi="http://www.w3.org/2001/XMLSchema-instance" xsi:noNamespaceSchemaLocation="https://maven.apache.org/surefire/maven-surefire-plugin/xsd/surefire-test-report-3.0.xsd" version="3.0" name="test.savoria.SavoriaTestApplicationTests" time="8.255" tests="1" errors="0" skipped="0" failures="0">
  <properties>
[...]
</properties>
  <testcase name="contextLoads" classname="test.savoria.SavoriaTestApplicationTests" time="0.551">
    <system-out><![CDATA[16:22:13.030 [main] INFO org.springframework.test.context.support.AnnotationConfigContextLoaderUtils -- Could not detect default configuration classes for test class [test.savoria.SavoriaTestApplicationTests]: SavoriaTestApplicationTests does not declare any static, non-private, non-final, nested classes annotated with @Configuration.
16:22:13.231 [main] INFO org.springframework.boot.test.context.SpringBootTestContextBootstrapper -- Found @SpringBootConfiguration test.savoria.SavoriaTestApplication for test class test.savoria.SavoriaTestApplicationTests

  .   ____          _            __ _ _
 /\\ / ___'_ __ _ _(_)_ __  __ _ \ \ \ \
( ( )\___ | '_ | '_| | '_ \/ _` | \ \ \ \
 \\/  ___)| |_)| | | | | || (_| |  ) ) ) )
  '  |____| .__|_| |_|_| |_\__, | / / / /
 =========|_|==============|___/=/_/_/_/

 :: Spring Boot ::                (v3.3.3)

2024-09-10T16:22:14.124+07:00  INFO 8028 --- [Savoria Test] [           main] t.savoria.SavoriaTestApplicationTests    : Starting SavoriaTestApplicationTests using Java 22.0.1 with PID 8028 (started by LENOVO in d:\Programming\Project\Java\savoria)
2024-09-10T16:22:14.133+07:00  INFO 8028 --- [Savoria Test] [           main] t.savoria.SavoriaTestApplicationTests    : No active profile set, falling back to 1 default profile: "default"
2024-09-10T16:22:15.537+07:00  INFO 8028 --- [Savoria Test] [           main] .s.d.r.c.RepositoryConfigurationDelegate : Bootstrapping Spring Data JPA repositories in DEFAULT mode.
2024-09-10T16:22:15.637+07:00  INFO 8028 --- [Savoria Test] [           main] .s.d.r.c.RepositoryConfigurationDelegate : Finished Spring Data repository scanning in 79 ms. Found 1 JPA repository interface.
2024-09-10T16:22:16.474+07:00  INFO 8028 --- [Savoria Test] [           main] o.hibernate.jpa.internal.util.LogHelper  : HHH000204: Processing PersistenceUnitInfo [name: default]
2024-09-10T16:22:16.591+07:00  INFO 8028 --- [Savoria Test] [           main] org.hibernate.Version                    : HHH000412: Hibernate ORM core version 6.5.2.Final
2024-09-10T16:22:16.658+07:00  INFO 8028 --- [Savoria Test] [           main] o.h.c.internal.RegionFactoryInitiator    : HHH000026: Second-level cache disabled
2024-09-10T16:22:17.222+07:00  INFO 8028 --- [Savoria Test] [           main] o.s.o.j.p.SpringPersistenceUnitInfo      : No LoadTimeWeaver setup: ignoring JPA class transformer
2024-09-10T16:22:17.269+07:00  INFO 8028 --- [Savoria Test] [           main] com.zaxxer.hikari.HikariDataSource       : HikariPool-1 - Starting...
2024-09-10T16:22:17.831+07:00  INFO 8028 --- [Savoria Test] [           main] com.zaxxer.hikari.pool.HikariPool        : HikariPool-1 - Added connection com.mysql.cj.jdbc.ConnectionImpl@5ca22e19
2024-09-10T16:22:17.834+07:00  INFO 8028 --- [Savoria Test] [           main] com.zaxxer.hikari.HikariDataSource       : HikariPool-1 - Start completed.
2024-09-10T16:22:19.222+07:00  INFO 8028 --- [Savoria Test] [           main] o.h.e.t.j.p.i.JtaPlatformInitiator       : HHH000489: No JTA platform available (set 'hibernate.transaction.jta.platform' to enable JTA platform integration)
2024-09-10T16:22:19.273+07:00  INFO 8028 --- [Savoria Test] [           main] j.LocalContainerEntityManagerFactoryBean : Initialized JPA EntityManagerFactory for persistence unit 'default'
2024-09-10T16:22:19.776+07:00  WARN 8028 --- [Savoria Test] [           main] JpaBaseConfiguration$JpaWebConfiguration : spring.jpa.open-in-view is enabled by default. Therefore, database queries may be performed during view rendering. Explicitly configure spring.jpa.open-in-view to disable this warning
2024-09-10T16:22:20.278+07:00  INFO 8028 --- [Savoria Test] [           main] t.savoria.SavoriaTestApplicationTests    : Started SavoriaTestApplicationTests in 6.788 seconds (process running for 8.834)
]]></system-out>
    <system-err><![CDATA[WARNING: A Java agent has been loaded dynamically (C:\Users\LENOVO\.m2\repository\net\bytebuddy\byte-buddy-agent\1.14.19\byte-buddy-agent-1.14.19.jar)
WARNING: If a serviceability tool is in use, please run with -XX:+EnableDynamicAgentLoading to hide this warning
WARNING: If a serviceability tool is not in use, please run with -Djdk.instrument.traceUsage for more information
WARNING: Dynamic loading of agents will be disallowed by default in a future release
]]></system-err>
  </testcase>
</testsuite>